<?xml version="1.0" encoding="UTF-8"?>
<!-- Generated by org.testng.reporters.JUnitReportReporter -->
<testsuite hostname="DESKTOP-I61EELI" failures="0" tests="1" name="MavenProject22.SeleniumRun.Launch" time="16.315" errors="0" timestamp="2024-11-12T23:25:45 IST" skipped="0">
  <testcase classname="MavenProject22.SeleniumRun.Launch" name="testcase" time="16.315"/>
  <system-out/>
</testsuite> <!-- MavenProject22.SeleniumRun.Launch -->
