<?xml version="1.0" encoding="UTF-8"?>
<!-- Generated by org.testng.reporters.JUnitReportReporter -->
<testsuite hostname="DESKTOP-I61EELI" failures="0" tests="1" name="test.TestCase2" time="85.720" errors="0" timestamp="2024-12-05T13:00:33 IST" skipped="0">
  <testcase classname="test.TestCase2" name="LoginPage" time="85.720"/>
  <system-out>
    <![CDATA[Test case is sucess generated by listenere]]>
  </system-out>
</testsuite> <!-- test.TestCase2 -->
