<?xml version="1.0" encoding="UTF-8"?>
<!-- Generated by org.testng.reporters.JUnitReportReporter -->
<testsuite hostname="DESKTOP-I61EELI" failures="0" tests="1" name="test.TestCase10" time="51.176" errors="0" timestamp="2024-11-24T19:58:35 IST" skipped="0">
  <testcase classname="test.TestCase10" name="logincase" time="51.176"/>
  <system-out/>
</testsuite> <!-- test.TestCase10 -->
