<?xml version="1.0" encoding="UTF-8"?>
<!-- Generated by org.testng.reporters.JUnitReportReporter -->
<testsuite hostname="DESKTOP-I61EELI" failures="0" tests="1" name="test.TestCase1" time="50.784" errors="0" timestamp="2024-11-27T12:35:17 IST" skipped="0">
  <testcase classname="test.TestCase1" name="newregisteruser" time="50.784"/>
  <system-out/>
</testsuite> <!-- test.TestCase1 -->
