<?xml version="1.0" encoding="UTF-8"?>
<!-- Generated by org.testng.reporters.JUnitReportReporter -->
<testsuite hostname="DESKTOP-I61EELI" failures="0" tests="1" name="test.Testcase4" time="34.350" errors="0" timestamp="2024-11-16T18:37:43 IST" skipped="0">
  <testcase classname="test.Testcase4" name="LoginPage" time="34.350"/>
  <system-out/>
</testsuite> <!-- test.Testcase4 -->
