<?xml version="1.0" encoding="UTF-8"?>
<!-- Generated by org.testng.reporters.JUnitReportReporter -->
<testsuite hostname="DESKTOP-I61EELI" failures="0" tests="1" name="test.Testcase5" time="59.164" errors="0" timestamp="2024-11-16T18:49:35 IST" skipped="0">
  <testcase classname="test.Testcase5" name="LoginPage" time="59.164"/>
  <system-out/>
</testsuite> <!-- test.Testcase5 -->
