<?xml version="1.0" encoding="UTF-8"?>
<!-- Generated by org.testng.reporters.JUnitReportReporter -->
<testsuite hostname="DESKTOP-I61EELI" failures="0" tests="1" name="test.Testcase4" time="39.555" errors="0" timestamp="2024-11-23T22:09:13 IST" skipped="0">
  <testcase classname="test.Testcase4" name="LoginPage" time="39.555"/>
</testsuite> <!-- test.Testcase4 -->
