<?xml version="1.0" encoding="UTF-8"?>
<!-- Generated by org.testng.reporters.JUnitReportReporter -->
<testsuite hostname="DESKTOP-I61EELI" failures="0" tests="1" name="test.TestCase2" time="32.211" errors="0" timestamp="2024-11-23T22:09:13 IST" skipped="0">
  <testcase classname="test.TestCase2" name="LoginPage" time="32.211"/>
</testsuite> <!-- test.TestCase2 -->
