<?xml version="1.0" encoding="UTF-8"?>
<!-- Generated by org.testng.reporters.JUnitReportReporter -->
<testsuite hostname="DESKTOP-I61EELI" failures="0" tests="1" name="test.TestCase7" time="100.109" errors="0" timestamp="2024-11-23T22:09:14 IST" skipped="0">
  <testcase classname="test.TestCase7" name="newLoginPage" time="100.109"/>
</testsuite> <!-- test.TestCase7 -->
